\BOOKMARK [1][-]{section.1}{\376\377\126\376\213\272\127\372\170\100}{}% 1
\BOOKMARK [2][-]{subsection.1.1}{\376\377\126\376\166\204\127\372\147\054\151\202\137\365}{section.1}% 2
\BOOKMARK [2][-]{subsection.1.2}{\376\377\230\166\160\271\124\214\217\271\166\204\210\150\171\072}{section.1}% 3
\BOOKMARK [2][-]{subsection.1.3}{\376\377\126\376\166\204\171\072\117\213}{section.1}% 4
\BOOKMARK [2][-]{subsection.1.4}{\376\377\173\200\123\125\126\376}{section.1}% 5
\BOOKMARK [2][-]{subsection.1.5}{\376\377\162\171\153\212\126\376}{section.1}% 6
\BOOKMARK [2][-]{subsection.1.6}{\376\377\000\050\000p\000,\000\040\000q\000\051\000\040\126\376\116\016\136\163\121\341\126\376}{section.1}% 7
\BOOKMARK [2][-]{subsection.1.7}{\376\377\220\273\143\245\121\163\174\373\171\072\117\213}{section.1}% 8
\BOOKMARK [2][-]{subsection.1.8}{\376\377\221\315\211\201\151\202\137\365}{section.1}% 9
\BOOKMARK [2][-]{subsection.1.9}{\376\377\126\376\166\204\210\150\171\072\145\271\154\325}{section.1}% 10
\BOOKMARK [3][-]{subsubsection.1.9.1}{\376\377\220\273\143\245\167\351\226\065}{subsection.1.9}% 11
\BOOKMARK [3][-]{subsubsection.1.9.2}{\376\377\220\273\143\245\210\150}{subsection.1.9}% 12
\BOOKMARK [3][-]{subsubsection.1.9.3}{\376\377\121\163\200\124\167\351\226\065}{subsection.1.9}% 13
\BOOKMARK [3][-]{subsubsection.1.9.4}{\376\377\126\376\166\204\176\330\122\066}{subsection.1.9}% 14
\BOOKMARK [3][-]{subsubsection.1.9.5}{\376\377\121\163\200\124\167\351\226\065\377\010\133\214\145\164\133\232\116\111\377\011}{subsection.1.9}% 15
\BOOKMARK [3][-]{subsubsection.1.9.6}{\376\377\220\273\143\245\167\351\226\065\377\010\173\200\123\125\126\376\377\011}{subsection.1.9}% 16
\BOOKMARK [2][-]{subsection.1.10}{\376\377\126\376\124\014\147\204}{section.1}% 17
\BOOKMARK [3][-]{subsubsection.1.10.1}{\376\377\126\376\124\014\147\204\166\204\137\305\211\201\147\141\116\366}{subsection.1.10}% 18
\BOOKMARK [3][-]{subsubsection.1.10.2}{\376\377\124\014\147\204\116\015\123\330\221\317}{subsection.1.10}% 19
\BOOKMARK [2][-]{subsection.1.11}{\376\377\133\120\126\376}{section.1}% 20
\BOOKMARK [3][-]{subsubsection.1.11.1}{\376\377\133\120\126\376\166\204\136\166\226\306\116\016\116\244\226\306}{subsection.1.11}% 21
\BOOKMARK [2][-]{subsection.1.12}{\376\377\220\273\127\337\116\016\136\246}{section.1}% 22
\BOOKMARK [2][-]{subsection.1.13}{\376\377\126\376\167\351\226\065}{section.1}% 23
